Traceback (most recent call last):
  File "C:\Users\Jon\AppData\Local\Packages\PythonSoftwareFoundation.Python.3.11_qbz5n2kfra8p0\LocalCache\local-packages\Python311\site-packages\jupyter_cache\executors\utils.py", line 58, in single_nb_execution
    executenb(
  File "C:\Users\Jon\AppData\Local\Packages\PythonSoftwareFoundation.Python.3.11_qbz5n2kfra8p0\LocalCache\local-packages\Python311\site-packages\nbclient\client.py", line 1305, in execute
    return NotebookClient(nb=nb, resources=resources, km=km, **kwargs).execute()
           ^^^^^^^^^^^^^^^^^^^^^^^^^^^^^^^^^^^^^^^^^^^^^^^^^^^^^^^^^^^^^^^^^^^^^
  File "C:\Users\Jon\AppData\Local\Packages\PythonSoftwareFoundation.Python.3.11_qbz5n2kfra8p0\LocalCache\local-packages\Python311\site-packages\jupyter_core\utils\__init__.py", line 166, in wrapped
    return loop.run_until_complete(inner)
           ^^^^^^^^^^^^^^^^^^^^^^^^^^^^^^
  File "C:\Program Files\WindowsApps\PythonSoftwareFoundation.Python.3.11_3.11.1776.0_x64__qbz5n2kfra8p0\Lib\asyncio\base_events.py", line 653, in run_until_complete
    return future.result()
           ^^^^^^^^^^^^^^^
  File "C:\Users\Jon\AppData\Local\Packages\PythonSoftwareFoundation.Python.3.11_qbz5n2kfra8p0\LocalCache\local-packages\Python311\site-packages\nbclient\client.py", line 705, in async_execute
    await self.async_execute_cell(
  File "C:\Users\Jon\AppData\Local\Packages\PythonSoftwareFoundation.Python.3.11_qbz5n2kfra8p0\LocalCache\local-packages\Python311\site-packages\nbclient\client.py", line 1058, in async_execute_cell
    await self._check_raise_for_error(cell, cell_index, exec_reply)
  File "C:\Users\Jon\AppData\Local\Packages\PythonSoftwareFoundation.Python.3.11_qbz5n2kfra8p0\LocalCache\local-packages\Python311\site-packages\nbclient\client.py", line 914, in _check_raise_for_error
    raise CellExecutionError.from_cell_and_msg(cell, exec_reply_content)
nbclient.exceptions.CellExecutionError: An error occurred while executing the following cell:
------------------
import sympy as sp

# Define ERK method
A = sp.Matrix([[0, 0, 0, 0, 0], 
            [sp.Rational(1,4), 0, 0, 0, 0], 
            [sp.Rational(1,2), 0, 0, 0, 0], 
            [0, sp.Rational(1,2), sp.Rational(1,4), 0, 0], 
            [0, sp.Rational(1,6), -sp.Rational(1,3), sp.Rational(1,6), 0]])
b = sp.Matrix([[-1], [sp.Rational(2,3)], [-sp.Rational(1,3)], [sp.Rational(2,3)], [1]])
e = sp.ones(5, 1)

# Calculate coefficients
for k in range(1, len(b) + 1):
    display(b.T * A ** (k - 1) * e)
------------------


[1;31m---------------------------------------------------------------------------[0m
[1;31mModuleNotFoundError[0m                       Traceback (most recent call last)
Cell [1;32mIn[1], line 1[0m
[1;32m----> 1[0m [38;5;28;01mimport[39;00m [38;5;21;01msympy[39;00m [38;5;28;01mas[39;00m [38;5;21;01msp[39;00m
[0;32m      3[0m [38;5;66;03m# Define ERK method[39;00m
[0;32m      4[0m A [38;5;241m=[39m sp[38;5;241m.[39mMatrix([[[38;5;241m0[39m, [38;5;241m0[39m, [38;5;241m0[39m, [38;5;241m0[39m, [38;5;241m0[39m], 
[0;32m      5[0m             [sp[38;5;241m.[39mRational([38;5;241m1[39m,[38;5;241m4[39m), [38;5;241m0[39m, [38;5;241m0[39m, [38;5;241m0[39m, [38;5;241m0[39m], 
[0;32m      6[0m             [sp[38;5;241m.[39mRational([38;5;241m1[39m,[38;5;241m2[39m), [38;5;241m0[39m, [38;5;241m0[39m, [38;5;241m0[39m, [38;5;241m0[39m], 
[0;32m      7[0m             [[38;5;241m0[39m, sp[38;5;241m.[39mRational([38;5;241m1[39m,[38;5;241m2[39m), sp[38;5;241m.[39mRational([38;5;241m1[39m,[38;5;241m4[39m), [38;5;241m0[39m, [38;5;241m0[39m], 
[0;32m      8[0m             [[38;5;241m0[39m, sp[38;5;241m.[39mRational([38;5;241m1[39m,[38;5;241m6[39m), [38;5;241m-[39msp[38;5;241m.[39mRational([38;5;241m1[39m,[38;5;241m3[39m), sp[38;5;241m.[39mRational([38;5;241m1[39m,[38;5;241m6[39m), [38;5;241m0[39m]])

[1;31mModuleNotFoundError[0m: No module named 'sympy'

