Traceback (most recent call last):
  File "C:\Users\jonsh\AppData\Local\Packages\PythonSoftwareFoundation.Python.3.9_qbz5n2kfra8p0\LocalCache\local-packages\Python39\site-packages\jupyter_cache\executors\utils.py", line 51, in single_nb_execution
    executenb(
  File "C:\Users\jonsh\AppData\Local\Packages\PythonSoftwareFoundation.Python.3.9_qbz5n2kfra8p0\LocalCache\local-packages\Python39\site-packages\nbclient\client.py", line 1204, in execute
    return NotebookClient(nb=nb, resources=resources, km=km, **kwargs).execute()
  File "C:\Users\jonsh\AppData\Local\Packages\PythonSoftwareFoundation.Python.3.9_qbz5n2kfra8p0\LocalCache\local-packages\Python39\site-packages\nbclient\util.py", line 84, in wrapped
    return just_run(coro(*args, **kwargs))
  File "C:\Users\jonsh\AppData\Local\Packages\PythonSoftwareFoundation.Python.3.9_qbz5n2kfra8p0\LocalCache\local-packages\Python39\site-packages\nbclient\util.py", line 62, in just_run
    return loop.run_until_complete(coro)
  File "C:\Program Files\WindowsApps\PythonSoftwareFoundation.Python.3.9_3.9.3568.0_x64__qbz5n2kfra8p0\lib\asyncio\base_events.py", line 647, in run_until_complete
    return future.result()
  File "C:\Users\jonsh\AppData\Local\Packages\PythonSoftwareFoundation.Python.3.9_qbz5n2kfra8p0\LocalCache\local-packages\Python39\site-packages\nbclient\client.py", line 663, in async_execute
    await self.async_execute_cell(
  File "C:\Users\jonsh\AppData\Local\Packages\PythonSoftwareFoundation.Python.3.9_qbz5n2kfra8p0\LocalCache\local-packages\Python39\site-packages\nbclient\client.py", line 965, in async_execute_cell
    await self._check_raise_for_error(cell, cell_index, exec_reply)
  File "C:\Users\jonsh\AppData\Local\Packages\PythonSoftwareFoundation.Python.3.9_qbz5n2kfra8p0\LocalCache\local-packages\Python39\site-packages\nbclient\client.py", line 862, in _check_raise_for_error
    raise CellExecutionError.from_cell_and_msg(cell, exec_reply_content)
nbclient.exceptions.CellExecutionError: An error occurred while executing the following cell:
------------------
import numpy as np

def jacobi(A, b, tol=1e-6):
    n = len(b)
    x = np.zeros(n)
    maxiter = 100
    for k in range(maxiter):
        xo = np.copy(x)
        for i in range(n):
            s = b[i]
            for j in range(n):
                if i != j:
                    s -= A[i,j] * xo[j]
        
            x[i] = s / A[i,i]
            
        r = b - np.dot(A, x)   
        if max(abs(r)) < tol:
            break
    
    return x, k


def gauss_seidel(A, b, tol=1e-6):
    n = len(b)
    x = np.zeros(n)
    maxiter = 100
    for k in range(maxiter):
        for i in range(n):
            s = b[i]
            for j in range(n):
                if i != j:
                    s -= A[i,j] * x[j]
        
            x[i] = s / A[i,i]
            
        r = b - np.dot(A, x)   
        if max(abs(r)) < tol:
            break
    
    return x, k


def sor(A, b, omega, tol=1e-6):
    n = len(b)
    x = np.zeros(n)
    maxiter = 100
    for k in range(maxiter):
        for i in range(n):
            s = b[i]
            for j in range(n):
                if i != j:
                    s -= A[i,j] * x[j]
        
            x[i] = (1 - omega) * x[i] + omega / A[i,i] * s
            
        r = b - np.dot(A, x)   
        if max(abs(r)) < tol:
            break
    
    return x, k


# Define linear system
A = np.array([[5, 1, -1, 1], [1, 4, -1, -1], [-1, -1, 5, 1], [1, -1, 1, 3]])
b = np.array([14, 10, -15, 3])

# Solve linear system
x, iterations = jacobi(A, b)
print(f"Jacobi method:       {iterations:3d} iterations")

x, iterations = gauss_seidel(A, b)
print(f"Gauss-Seidel method: {iterations:3d} iterations")

x, iterations = sor(A, b, 1.094573)
print(f"SOR method:          {iterations:3d} iterations")

print("\nSolution:")
for i in range(len(x)):
    print(f"    x{i+1} = {x[i]:9.6f}")
------------------

[1;31m---------------------------------------------------------------------------[0m
[1;31mModuleNotFoundError[0m                       Traceback (most recent call last)
Cell [1;32mIn [1], line 1[0m
[1;32m----> 1[0m [38;5;28;01mimport[39;00m [38;5;21;01mnumpy[39;00m [38;5;28;01mas[39;00m [38;5;21;01mnp[39;00m
[0;32m      3[0m [38;5;28;01mdef[39;00m [38;5;21mjacobi[39m(A, b, tol[38;5;241m=[39m[38;5;241m1e-6[39m):
[0;32m      4[0m     n [38;5;241m=[39m [38;5;28mlen[39m(b)

[1;31mModuleNotFoundError[0m: No module named 'numpy'
ModuleNotFoundError: No module named 'numpy'

